Log file open, 11/18/19 17:50:03
LogWindows: Failed to load 'aqProf.dll' (GetLastError=126)
LogWindows: File 'aqProf.dll' does not exist
LogWindows: Failed to load 'VtuneApi.dll' (GetLastError=126)
LogWindows: File 'VtuneApi.dll' does not exist
LogWindows: Failed to load 'VtuneApi32e.dll' (GetLastError=126)
LogWindows: File 'VtuneApi32e.dll' does not exist
LogConsoleResponse: Display: Failed to find resolution value strings in scalability ini. Falling back to default.
LogInit: Display: Running engine for game: crossyroad
LogPlatformFile: Not using cached read wrapper
LogTaskGraph: Started task graph with 5 named threads and 23 total threads with 3 sets of task threads.
LogStats: Stats thread started at 0.082460
LogD3D11RHI: Loaded GFSDK_Aftermath_Lib.x64.dll
LogICUInternationalization: ICU TimeZone Detection - Raw Offset: -8:00, Platform Override: ''
LogPluginManager: Mounting plugin Paper2D
LogPluginManager: Mounting plugin AISupport
LogPluginManager: Mounting plugin LightPropagationVolume
LogPluginManager: Mounting plugin ActorLayerUtilities
LogPluginManager: Mounting plugin AnimationSharing
LogPluginManager: Mounting plugin CLionSourceCodeAccess
LogPluginManager: Mounting plugin CodeLiteSourceCodeAccess
LogPluginManager: Mounting plugin GitSourceControl
LogPluginManager: Mounting plugin KDevelopSourceCodeAccess
LogPluginManager: Mounting plugin NullSourceCodeAccess
LogPluginManager: Mounting plugin PerforceSourceControl
LogPluginManager: Mounting plugin SubversionSourceControl
LogPluginManager: Mounting plugin UObjectPlugin
LogPluginManager: Mounting plugin VisualStudioCodeSourceCodeAccess
LogPluginManager: Mounting plugin VisualStudioSourceCodeAccess
LogPluginManager: Mounting plugin XCodeSourceCodeAccess
LogPluginManager: Mounting plugin AssetManagerEditor
LogPluginManager: Mounting plugin CryptoKeys
LogPluginManager: Mounting plugin CurveEditorTools
LogPluginManager: Mounting plugin DataValidation
LogPluginManager: Mounting plugin FacialAnimation
LogPluginManager: Mounting plugin GameplayTagsEditor
LogPluginManager: Mounting plugin MacGraphicsSwitching
LogPluginManager: Mounting plugin MaterialAnalyzer
LogPluginManager: Mounting plugin MobileLauncherProfileWizard
LogPluginManager: Mounting plugin PluginBrowser
LogPluginManager: Mounting plugin SpeedTreeImporter
LogPluginManager: Mounting plugin DatasmithContent
LogPluginManager: Mounting plugin VariantManagerContent
LogPluginManager: Mounting plugin AlembicImporter
LogPluginManager: Mounting plugin AutomationUtils
LogPluginManager: Mounting plugin BackChannel
LogPluginManager: Mounting plugin CharacterAI
LogPluginManager: Mounting plugin GeometryCache
LogPluginManager: Mounting plugin HTML5Networking
LogPluginManager: Mounting plugin PlatformCrypto
LogPluginManager: Mounting plugin ProxyLODPlugin
LogPluginManager: Mounting plugin SkeletalReduction
LogPluginManager: Mounting plugin MagicLeap
LogPluginManager: Mounting plugin MagicLeapMedia
LogPluginManager: Mounting plugin AndroidMedia
LogPluginManager: Mounting plugin AvfMedia
LogPluginManager: Mounting plugin ImgMedia
LogPluginManager: Mounting plugin MediaCompositing
LogPluginManager: Mounting plugin MediaPlayerEditor
LogPluginManager: Mounting plugin WebMMedia
LogPluginManager: Mounting plugin WmfMedia
LogPluginManager: Mounting plugin TcpMessaging
LogPluginManager: Mounting plugin UdpMessaging
LogPluginManager: Mounting plugin ActorSequence
LogPluginManager: Mounting plugin LevelSequenceEditor
LogPluginManager: Mounting plugin MatineeToLevelSequence
LogPluginManager: Mounting plugin NetcodeUnitTest
LogPluginManager: Mounting plugin NUTUnrealEngine4
LogPluginManager: Mounting plugin OnlineSubsystemGooglePlay
LogPluginManager: Mounting plugin OnlineSubsystemIOS
LogPluginManager: Mounting plugin OnlineSubsystem
LogPluginManager: Mounting plugin OnlineSubsystemNull
LogPluginManager: Mounting plugin OnlineSubsystemUtils
LogPluginManager: Mounting plugin LauncherChunkInstaller
LogPluginManager: Mounting plugin AndroidDeviceProfileSelector
LogPluginManager: Mounting plugin AndroidMoviePlayer
LogPluginManager: Mounting plugin AndroidPermission
LogPluginManager: Mounting plugin AppleImageUtils
LogPluginManager: Mounting plugin AppleMoviePlayer
LogPluginManager: Mounting plugin ArchVisCharacter
LogPluginManager: Mounting plugin AudioCapture
LogPluginManager: Mounting plugin CableComponent
LogPluginManager: Mounting plugin CustomMeshComponent
LogPluginManager: Mounting plugin EditableMesh
LogPluginManager: Mounting plugin ExampleDeviceProfileSelector
LogPluginManager: Mounting plugin GoogleCloudMessaging
LogPluginManager: Mounting plugin IOSDeviceProfileSelector
LogPluginManager: Mounting plugin LinuxDeviceProfileSelector
LogPluginManager: Mounting plugin LocationServicesBPLibrary
LogPluginManager: Mounting plugin MobilePatchingUtils
LogPluginManager: Mounting plugin OculusVR
LogPluginManager: Mounting plugin PhysXVehicles
LogPluginManager: Mounting plugin ProceduralMeshComponent
LogPluginManager: Mounting plugin RuntimePhysXCooking
LogPluginManager: Mounting plugin SignificanceManager
LogPluginManager: Mounting plugin SteamVR
LogPluginManager: Mounting plugin WebMMoviePlayer
LogPluginManager: Mounting plugin WindowsMoviePlayer
LogPluginManager: Mounting plugin ScreenshotTools
LogInit: Using libcurl 7.55.1-DEV
LogInit:  - built for x86_64-pc-win32
LogInit:  - supports SSL with OpenSSL/1.1.1
LogInit:  - supports HTTP deflate (compression) using libz 1.2.8
LogInit:  - other features:
LogInit:      CURL_VERSION_SSL
LogInit:      CURL_VERSION_LIBZ
LogInit:      CURL_VERSION_IPV6
LogInit:      CURL_VERSION_ASYNCHDNS
LogInit:      CURL_VERSION_LARGEFILE
LogInit:      CURL_VERSION_IDN
LogInit:  CurlRequestOptions (configurable via config and command line):
LogInit:  - bVerifyPeer = true  - Libcurl will verify peer certificate
LogInit:  - bUseHttpProxy = false  - Libcurl will NOT use HTTP proxy
LogInit:  - bDontReuseConnections = false  - Libcurl will reuse connections
LogInit:  - MaxHostConnections = 16  - Libcurl will limit the number of connections to a host
LogInit:  - LocalHostAddr = Default
LogInit:  - BufferSize = 65536
LogOnline: OSS: Creating online subsystem instance for: NULL
LogInit: WinSock: version 1.1 (2.2), MaxSocks=32767, MaxUdp=65467
LogInit: Build: ++UE4+Release-4.23-CL-9631420
LogInit: Engine Version: 4.23.1-9631420+++UE4+Release-4.23
LogInit: Compatible Engine Version: 4.23.0-8386587+++UE4+Release-4.23
LogInit: Net CL: 8386587
LogInit: OS: Windows 10 (Release 1903) (), CPU: Intel(R) Core(TM) i5-8250U CPU @ 1.60GHz, GPU: Intel(R) UHD Graphics 620
LogInit: Compiled (64-bit): Oct 18 2019 02:07:44
LogInit: Compiled with Visual C++: 19.16.27030.01
LogInit: Build Configuration: Development
LogInit: Branch Name: ++UE4+Release-4.23
LogInit: Command Line:  -EpicPortal -epicusername=Hayabusard -epicuserid=ce02540214f54644b01a8ec1fa98b9dd -epiclocale=en-US
LogInit: Base Directory: C:/Program Files/Epic Games/UE_4.23/Engine/Binaries/Win64/
LogInit: Installed Engine Build: 1
LogDevObjectVersion: Number of dev versions registered: 23
LogDevObjectVersion:   Dev-Blueprints (B0D832E4-1F89-4F0D-ACCF-7EB736FD4AA2): 10
LogDevObjectVersion:   Dev-Build (E1C64328-A22C-4D53-A36C-8E866417BD8C): 0
LogDevObjectVersion:   Dev-Core (375EC13C-06E4-48FB-B500-84F0262A717E): 3
LogDevObjectVersion:   Dev-Editor (E4B068ED-F494-42E9-A231-DA0B2E46BB41): 34
LogDevObjectVersion:   Dev-Framework (CFFC743F-43B0-4480-9391-14DF171D2073): 35
LogDevObjectVersion:   Dev-Mobile (B02B49B5-BB20-44E9-A304-32B752E40360): 2
LogDevObjectVersion:   Dev-Networking (A4E4105C-59A1-49B5-A7C5-40C4547EDFEE): 0
LogDevObjectVersion:   Dev-Online (39C831C9-5AE6-47DC-9A44-9C173E1C8E7C): 0
LogDevObjectVersion:   Dev-Physics (78F01B33-EBEA-4F98-B9B4-84EACCB95AA2): 0
LogDevObjectVersion:   Dev-Platform (6631380F-2D4D-43E0-8009-CF276956A95A): 0
LogDevObjectVersion:   Dev-Rendering (12F88B9F-8875-4AFC-A67C-D90C383ABD29): 31
LogDevObjectVersion:   Dev-Sequencer (7B5AE74C-D270-4C10-A958-57980B212A5A): 11
LogDevObjectVersion:   Dev-VR (D7296918-1DD6-4BDD-9DE2-64A83CC13884): 2
LogDevObjectVersion:   Dev-LoadTimes (C2A15278-BFE7-4AFE-6C17-90FF531DF755): 1
LogDevObjectVersion:   Private-Geometry (6EACA3D4-40EC-4CC1-B786-8BED09428FC5): 3
LogDevObjectVersion:   Dev-AnimPhys (29E575DD-E0A3-4627-9D10-D276232CDCEA): 17
LogDevObjectVersion:   Dev-Anim (AF43A65D-7FD3-4947-9873-3E8ED9C1BB05): 2
LogDevObjectVersion:   Dev-ReflectionCapture (6B266CEC-1EC7-4B8F-A30B-E4D90942FC07): 1
LogDevObjectVersion:   Dev-Automation (0DF73D61-A23F-47EA-B727-89E90C41499A): 1
LogDevObjectVersion:   FortniteMain (601D1886-AC64-4F84-AA16-D3DE0DEAC7D6): 27
LogDevObjectVersion:   Dev-Enterprise (9DFFBCD6-494F-0158-E221-12823C92A888): 6
LogDevObjectVersion:   Dev-Niagara (F2AED0AC-9AFE-416F-8664-AA7FFA26D6FC): 1
LogDevObjectVersion:   Dev-Destruction (174F1F0B-B4C6-45A5-B13F-2EE8D0FB917D): 9
LogInit: Presizing for max 16777216 objects, including 0 objects not considered by GC, pre-allocating 0 bytes for permanent pool.
LogInit: Object subsystem initialized
LogConfig: Setting CVar [[con.DebugEarlyDefault:1]]
LogConfig: Setting CVar [[r.setres:1280x720]]
[2019.11.19-01.50.03:515][  0]LogConfig: Setting CVar [[r.VSync:0]]
[2019.11.19-01.50.03:515][  0]LogConfig: Setting CVar [[r.RHICmdBypass:0]]
[2019.11.19-01.50.03:516][  0]LogConfig: Applying CVar settings from Section [/Script/Engine.RendererSettings] File [C:/Users/Tommy/Documents/Unreal Projects/crossyroad/Saved/Config/Windows/Engine.ini]
[2019.11.19-01.50.03:516][  0]LogConfig: Setting CVar [[r.GPUCrashDebugging:0]]
[2019.11.19-01.50.03:516][  0]LogConfig: Setting CVar [[r.DefaultFeature.AutoExposure.ExtendDefaultLuminanceRange:1]]
[2019.11.19-01.50.03:516][  0]LogConfig: Applying CVar settings from Section [/Script/Engine.RendererOverrideSettings] File [C:/Users/Tommy/Documents/Unreal Projects/crossyroad/Saved/Config/Windows/Engine.ini]
[2019.11.19-01.50.03:516][  0]LogConfig: Applying CVar settings from Section [/Script/Engine.StreamingSettings] File [C:/Users/Tommy/Documents/Unreal Projects/crossyroad/Saved/Config/Windows/Engine.ini]
[2019.11.19-01.50.03:516][  0]LogConfig: Setting CVar [[s.MinBulkDataSizeForAsyncLoading:131072]]
[2019.11.19-01.50.03:516][  0]LogConfig: Setting CVar [[s.AsyncLoadingThreadEnabled:0]]
[2019.11.19-01.50.03:516][  0]LogConfig: Setting CVar [[s.EventDrivenLoaderEnabled:1]]
[2019.11.19-01.50.03:516][  0]LogConfig: Setting CVar [[s.WarnIfTimeLimitExceeded:0]]
[2019.11.19-01.50.03:516][  0]LogConfig: Setting CVar [[s.TimeLimitExceededMultiplier:1.5]]
[2019.11.19-01.50.03:516][  0]LogConfig: Setting CVar [[s.TimeLimitExceededMinTime:0.005]]
[2019.11.19-01.50.03:516][  0]LogConfig: Setting CVar [[s.UseBackgroundLevelStreaming:1]]
[2019.11.19-01.50.03:516][  0]LogConfig: Setting CVar [[s.PriorityAsyncLoadingExtraTime:15.0]]
[2019.11.19-01.50.03:516][  0]LogConfig: Setting CVar [[s.LevelStreamingActorsUpdateTimeLimit:5.0]]
[2019.11.19-01.50.03:516][  0]LogConfig: Setting CVar [[s.PriorityLevelStreamingActorsUpdateExtraTime:5.0]]
[2019.11.19-01.50.03:516][  0]LogConfig: Setting CVar [[s.LevelStreamingComponentsRegistrationGranularity:10]]
[2019.11.19-01.50.03:516][  0]LogConfig: Setting CVar [[s.UnregisterComponentsTimeLimit:1.0]]
[2019.11.19-01.50.03:516][  0]LogConfig: Setting CVar [[s.LevelStreamingComponentsUnregistrationGranularity:5]]
[2019.11.19-01.50.03:516][  0]LogConfig: Applying CVar settings from Section [/Script/Engine.GarbageCollectionSettings] File [C:/Users/Tommy/Documents/Unreal Projects/crossyroad/Saved/Config/Windows/Engine.ini]
[2019.11.19-01.50.03:516][  0]LogConfig: Setting CVar [[gc.MaxObjectsNotConsideredByGC:1]]
[2019.11.19-01.50.03:516][  0]LogConfig: Setting CVar [[gc.SizeOfPermanentObjectPool:0]]
[2019.11.19-01.50.03:516][  0]LogConfig: Setting CVar [[gc.FlushStreamingOnGC:0]]
[2019.11.19-01.50.03:516][  0]LogConfig: Setting CVar [[gc.NumRetriesBeforeForcingGC:10]]
[2019.11.19-01.50.03:516][  0]LogConfig: Setting CVar [[gc.AllowParallelGC:1]]
[2019.11.19-01.50.03:516][  0]LogConfig: Setting CVar [[gc.TimeBetweenPurgingPendingKillObjects:61.1]]
[2019.11.19-01.50.03:516][  0]LogConfig: Setting CVar [[gc.MaxObjectsInEditor:16777216]]
[2019.11.19-01.50.03:516][  0]LogConfig: Setting CVar [[gc.IncrementalBeginDestroyEnabled:1]]
[2019.11.19-01.50.03:516][  0]LogConfig: Setting CVar [[gc.CreateGCClusters:1]]
[2019.11.19-01.50.03:516][  0]LogConfig: Setting CVar [[gc.MinGCClusterSize:5]]
[2019.11.19-01.50.03:516][  0]LogConfig: Setting CVar [[gc.ActorClusteringEnabled:0]]
[2019.11.19-01.50.03:516][  0]LogConfig: Setting CVar [[gc.BlueprintClusteringEnabled:0]]
[2019.11.19-01.50.03:516][  0]LogConfig: Setting CVar [[gc.UseDisregardForGCOnDedicatedServers:0]]
[2019.11.19-01.50.03:516][  0]LogConfig: Applying CVar settings from Section [/Script/Engine.NetworkSettings] File [C:/Users/Tommy/Documents/Unreal Projects/crossyroad/Saved/Config/Windows/Engine.ini]
[2019.11.19-01.50.03:516][  0]LogConfig: Applying CVar settings from Section [/Script/UnrealEd.CookerSettings] File [C:/Users/Tommy/Documents/Unreal Projects/crossyroad/Saved/Config/Windows/Engine.ini]
[2019.11.19-01.50.03:518][  0]LogConfig: Applying CVar settings from Section [ViewDistanceQuality@3] File [C:/Users/Tommy/Documents/Unreal Projects/crossyroad/Saved/Config/Windows/Scalability.ini]
[2019.11.19-01.50.03:518][  0]LogConfig: Setting CVar [[r.SkeletalMeshLODBias:0]]
[2019.11.19-01.50.03:518][  0]LogConfig: Setting CVar [[r.ViewDistanceScale:1.0]]
[2019.11.19-01.50.03:518][  0]LogConfig: Applying CVar settings from Section [AntiAliasingQuality@3] File [C:/Users/Tommy/Documents/Unreal Projects/crossyroad/Saved/Config/Windows/Scalability.ini]
[2019.11.19-01.50.03:518][  0]LogConfig: Setting CVar [[r.PostProcessAAQuality:4]]
[2019.11.19-01.50.03:518][  0]LogConfig: Applying CVar settings from Section [ShadowQuality@3] File [C:/Users/Tommy/Documents/Unreal Projects/crossyroad/Saved/Config/Windows/Scalability.ini]
[2019.11.19-01.50.03:518][  0]LogConfig: Setting CVar [[r.LightFunctionQuality:1]]
[2019.11.19-01.50.03:518][  0]LogConfig: Setting CVar [[r.ShadowQuality:5]]
[2019.11.19-01.50.03:518][  0]LogConfig: Setting CVar [[r.Shadow.CSM.MaxCascades:10]]
[2019.11.19-01.50.03:518][  0]LogConfig: Setting CVar [[r.Shadow.MaxResolution:2048]]
[2019.11.19-01.50.03:518][  0]LogConfig: Setting CVar [[r.Shadow.MaxCSMResolution:2048]]
[2019.11.19-01.50.03:518][  0]LogConfig: Setting CVar [[r.Shadow.RadiusThreshold:0.01]]
[2019.11.19-01.50.03:518][  0]LogConfig: Setting CVar [[r.Shadow.DistanceScale:1.0]]
[2019.11.19-01.50.03:518][  0]LogConfig: Setting CVar [[r.Shadow.CSM.TransitionScale:1.0]]
[2019.11.19-01.50.03:518][  0]LogConfig: Setting CVar [[r.Shadow.PreShadowResolutionFactor:1.0]]
[2019.11.19-01.50.03:518][  0]LogConfig: Setting CVar [[r.DistanceFieldShadowing:1]]
[2019.11.19-01.50.03:519][  0]LogConfig: Setting CVar [[r.DistanceFieldAO:1]]
[2019.11.19-01.50.03:519][  0]LogConfig: Setting CVar [[r.AOQuality:2]]
[2019.11.19-01.50.03:519][  0]LogConfig: Setting CVar [[r.VolumetricFog:1]]
[2019.11.19-01.50.03:519][  0]LogConfig: Setting CVar [[r.VolumetricFog.GridPixelSize:8]]
[2019.11.19-01.50.03:519][  0]LogConfig: Setting CVar [[r.VolumetricFog.GridSizeZ:128]]
[2019.11.19-01.50.03:519][  0]LogConfig: Setting CVar [[r.VolumetricFog.HistoryMissSupersampleCount:4]]
[2019.11.19-01.50.03:519][  0]LogConfig: Setting CVar [[r.LightMaxDrawDistanceScale:1]]
[2019.11.19-01.50.03:519][  0]LogConfig: Setting CVar [[r.CapsuleShadows:1]]
[2019.11.19-01.50.03:519][  0]LogConfig: Applying CVar settings from Section [PostProcessQuality@3] File [C:/Users/Tommy/Documents/Unreal Projects/crossyroad/Saved/Config/Windows/Scalability.ini]
[2019.11.19-01.50.03:519][  0]LogConfig: Setting CVar [[r.MotionBlurQuality:4]]
[2019.11.19-01.50.03:519][  0]LogConfig: Setting CVar [[r.AmbientOcclusionMipLevelFactor:0.4]]
[2019.11.19-01.50.03:519][  0]LogConfig: Setting CVar [[r.AmbientOcclusionMaxQuality:100]]
[2019.11.19-01.50.03:519][  0]LogConfig: Setting CVar [[r.AmbientOcclusionLevels:-1]]
[2019.11.19-01.50.03:519][  0]LogConfig: Setting CVar [[r.AmbientOcclusionRadiusScale:1.0]]
[2019.11.19-01.50.03:519][  0]LogConfig: Setting CVar [[r.DepthOfFieldQuality:2]]
[2019.11.19-01.50.03:519][  0]LogConfig: Setting CVar [[r.RenderTargetPoolMin:400]]
[2019.11.19-01.50.03:519][  0]LogConfig: Setting CVar [[r.LensFlareQuality:2]]
[2019.11.19-01.50.03:519][  0]LogConfig: Setting CVar [[r.SceneColorFringeQuality:1]]
[2019.11.19-01.50.03:519][  0]LogConfig: Setting CVar [[r.EyeAdaptationQuality:2]]
[2019.11.19-01.50.03:519][  0]LogConfig: Setting CVar [[r.BloomQuality:5]]
[2019.11.19-01.50.03:519][  0]LogConfig: Setting CVar [[r.FastBlurThreshold:100]]
[2019.11.19-01.50.03:519][  0]LogConfig: Setting CVar [[r.Upscale.Quality:3]]
[2019.11.19-01.50.03:519][  0]LogConfig: Setting CVar [[r.Tonemapper.GrainQuantization:1]]
[2019.11.19-01.50.03:519][  0]LogConfig: Setting CVar [[r.LightShaftQuality:1]]
[2019.11.19-01.50.03:519][  0]LogConfig: Setting CVar [[r.Filter.SizeScale:1]]
[2019.11.19-01.50.03:519][  0]LogConfig: Setting CVar [[r.Tonemapper.Quality:5]]
[2019.11.19-01.50.03:519][  0]LogConfig: Setting CVar [[r.DOF.Gather.AccumulatorQuality:1        ; higher gathering accumulator quality]]
[2019.11.19-01.50.03:519][  0]LogConfig: Setting CVar [[r.DOF.Gather.PostfilterMethod:1          ; Median3x3 postfilering method]]
[2019.11.19-01.50.03:519][  0]LogConfig: Setting CVar [[r.DOF.Gather.EnableBokehSettings:0       ; no bokeh simulation when gathering]]
[2019.11.19-01.50.03:519][  0]LogConfig: Setting CVar [[r.DOF.Gather.RingCount:4                 ; medium number of samples when gathering]]
[2019.11.19-01.50.03:519][  0]LogConfig: Setting CVar [[r.DOF.Scatter.ForegroundCompositing:1    ; additive foreground scattering]]
[2019.11.19-01.50.03:519][  0]LogConfig: Setting CVar [[r.DOF.Scatter.BackgroundCompositing:2    ; additive background scattering]]
[2019.11.19-01.50.03:519][  0]LogConfig: Setting CVar [[r.DOF.Scatter.EnableBokehSettings:1      ; bokeh simulation when scattering]]
[2019.11.19-01.50.03:519][  0]LogConfig: Setting CVar [[r.DOF.Scatter.MaxSpriteRatio:0.1         ; only a maximum of 10% of scattered bokeh]]
[2019.11.19-01.50.03:519][  0]LogConfig: Setting CVar [[r.DOF.Recombine.Quality:1                ; cheap slight out of focus]]
[2019.11.19-01.50.03:519][  0]LogConfig: Setting CVar [[r.DOF.Recombine.EnableBokehSettings:0    ; no bokeh simulation on slight out of focus]]
[2019.11.19-01.50.03:519][  0]LogConfig: Setting CVar [[r.DOF.TemporalAAQuality:1                ; more stable temporal accumulation]]
[2019.11.19-01.50.03:519][  0]LogConfig: Setting CVar [[r.DOF.Kernel.MaxForegroundRadius:0.025]]
[2019.11.19-01.50.03:519][  0]LogConfig: Setting CVar [[r.DOF.Kernel.MaxBackgroundRadius:0.025]]
[2019.11.19-01.50.03:519][  0]LogConfig: Applying CVar settings from Section [TextureQuality@3] File [C:/Users/Tommy/Documents/Unreal Projects/crossyroad/Saved/Config/Windows/Scalability.ini]
[2019.11.19-01.50.03:519][  0]LogConfig: Setting CVar [[r.Streaming.MipBias:0]]
[2019.11.19-01.50.03:519][  0]LogConfig: Setting CVar [[r.Streaming.AmortizeCPUToGPUCopy:0]]
[2019.11.19-01.50.03:519][  0]LogConfig: Setting CVar [[r.Streaming.MaxNumTexturesToStreamPerFrame:0]]
[2019.11.19-01.50.03:519][  0]LogConfig: Setting CVar [[r.Streaming.Boost:1]]
[2019.11.19-01.50.03:519][  0]LogConfig: Setting CVar [[r.MaxAnisotropy:8]]
[2019.11.19-01.50.03:519][  0]LogConfig: Setting CVar [[r.Streaming.LimitPoolSizeToVRAM:0]]
[2019.11.19-01.50.03:519][  0]LogConfig: Setting CVar [[r.Streaming.PoolSize:1000]]
[2019.11.19-01.50.03:519][  0]LogConfig: Setting CVar [[r.Streaming.MaxEffectiveScreenSize:0]]
[2019.11.19-01.50.03:519][  0]LogConfig: Applying CVar settings from Section [EffectsQuality@3] File [C:/Users/Tommy/Documents/Unreal Projects/crossyroad/Saved/Config/Windows/Scalability.ini]
[2019.11.19-01.50.03:519][  0]LogConfig: Setting CVar [[r.TranslucencyLightingVolumeDim:64]]
[2019.11.19-01.50.03:519][  0]LogConfig: Setting CVar [[r.RefractionQuality:2]]
[2019.11.19-01.50.03:519][  0]LogConfig: Setting CVar [[r.SSR.Quality:3]]
[2019.11.19-01.50.03:519][  0]LogConfig: Setting CVar [[r.SceneColorFormat:4]]
[2019.11.19-01.50.03:519][  0]LogConfig: Setting CVar [[r.DetailMode:2]]
[2019.11.19-01.50.03:519][  0]LogConfig: Setting CVar [[r.TranslucencyVolumeBlur:1]]
[2019.11.19-01.50.03:519][  0]LogConfig: Setting CVar [[r.MaterialQualityLevel:1 ; High quality]]
[2019.11.19-01.50.03:519][  0]LogConfig: Setting CVar [[r.SSS.Scale:1]]
[2019.11.19-01.50.03:519][  0]LogConfig: Setting CVar [[r.SSS.SampleSet:2]]
[2019.11.19-01.50.03:519][  0]LogConfig: Setting CVar [[r.SSS.Quality:1]]
[2019.11.19-01.50.03:519][  0]LogConfig: Setting CVar [[r.SSS.HalfRes:1]]
[2019.11.19-01.50.03:519][  0]LogConfig: Setting CVar [[r.EmitterSpawnRateScale:1.0]]
[2019.11.19-01.50.03:519][  0]LogConfig: Setting CVar [[r.ParticleLightQuality:2]]
[2019.11.19-01.50.03:519][  0]LogConfig: Applying CVar settings from Section [FoliageQuality@3] File [C:/Users/Tommy/Documents/Unreal Projects/crossyroad/Saved/Config/Windows/Scalability.ini]
[2019.11.19-01.50.03:519][  0]LogConfig: Setting CVar [[foliage.DensityScale:1.0]]
[2019.11.19-01.50.03:519][  0]LogConfig: Setting CVar [[grass.DensityScale:1.0]]
[2019.11.19-01.50.03:520][  0]LogInit: Selected Device Profile: [Windows]
[2019.11.19-01.50.03:520][  0]LogInit: Applying CVar settings loaded from the selected device profile: [Windows]
[2019.11.19-01.50.03:522][  0]LogHAL: Display: Platform has ~ 8 GB [8432705536 / 8589934592 / 8], which maps to Default [LargestMinGB=32, LargerMinGB=12, DefaultMinGB=8, SmallerMinGB=6, SmallestMinGB=0)
[2019.11.19-01.50.03:522][  0]LogInit: Going up to parent DeviceProfile []
[2019.11.19-01.50.03:522][  0]LogConfig: Applying CVar settings from Section [ViewDistanceQuality@3] File [C:/Users/Tommy/Documents/Unreal Projects/crossyroad/Saved/Config/Windows/Scalability.ini]
[2019.11.19-01.50.03:522][  0]LogConfig: Setting CVar [[r.SkeletalMeshLODBias:0]]
[2019.11.19-01.50.03:522][  0]LogConfig: Setting CVar [[r.ViewDistanceScale:1.0]]
[2019.11.19-01.50.03:522][  0]LogConfig: Applying CVar settings from Section [AntiAliasingQuality@3] File [C:/Users/Tommy/Documents/Unreal Projects/crossyroad/Saved/Config/Windows/Scalability.ini]
[2019.11.19-01.50.03:522][  0]LogConfig: Setting CVar [[r.PostProcessAAQuality:4]]
[2019.11.19-01.50.03:523][  0]LogConfig: Applying CVar settings from Section [ShadowQuality@3] File [C:/Users/Tommy/Documents/Unreal Projects/crossyroad/Saved/Config/Windows/Scalability.ini]
[2019.11.19-01.50.03:523][  0]LogConfig: Setting CVar [[r.LightFunctionQuality:1]]
[2019.11.19-01.50.03:523][  0]LogConfig: Setting CVar [[r.ShadowQuality:5]]
[2019.11.19-01.50.03:523][  0]LogConfig: Setting CVar [[r.Shadow.CSM.MaxCascades:10]]
[2019.11.19-01.50.03:523][  0]LogConfig: Setting CVar [[r.Shadow.MaxResolution:2048]]
[2019.11.19-01.50.03:523][  0]LogConfig: Setting CVar [[r.Shadow.MaxCSMResolution:2048]]
[2019.11.19-01.50.03:523][  0]LogConfig: Setting CVar [[r.Shadow.RadiusThreshold:0.01]]
[2019.11.19-01.50.03:523][  0]LogConfig: Setting CVar [[r.Shadow.DistanceScale:1.0]]
[2019.11.19-01.50.03:523][  0]LogConfig: Setting CVar [[r.Shadow.CSM.TransitionScale:1.0]]
[2019.11.19-01.50.03:523][  0]LogConfig: Setting CVar [[r.Shadow.PreShadowResolutionFactor:1.0]]
[2019.11.19-01.50.03:523][  0]LogConfig: Setting CVar [[r.DistanceFieldShadowing:1]]
[2019.11.19-01.50.03:523][  0]LogConfig: Setting CVar [[r.DistanceFieldAO:1]]
[2019.11.19-01.50.03:523][  0]LogConfig: Setting CVar [[r.AOQuality:2]]
[2019.11.19-01.50.03:523][  0]LogConfig: Setting CVar [[r.VolumetricFog:1]]
[2019.11.19-01.50.03:523][  0]LogConfig: Setting CVar [[r.VolumetricFog.GridPixelSize:8]]
[2019.11.19-01.50.03:523][  0]LogConfig: Setting CVar [[r.VolumetricFog.GridSizeZ:128]]
[2019.11.19-01.50.03:523][  0]LogConfig: Setting CVar [[r.VolumetricFog.HistoryMissSupersampleCount:4]]
[2019.11.19-01.50.03:523][  0]LogConfig: Setting CVar [[r.LightMaxDrawDistanceScale:1]]
[2019.11.19-01.50.03:523][  0]LogConfig: Setting CVar [[r.CapsuleShadows:1]]
[2019.11.19-01.50.03:523][  0]LogConfig: Applying CVar settings from Section [PostProcessQuality@3] File [C:/Users/Tommy/Documents/Unreal Projects/crossyroad/Saved/Config/Windows/Scalability.ini]
[2019.11.19-01.50.03:523][  0]LogConfig: Setting CVar [[r.MotionBlurQuality:4]]
[2019.11.19-01.50.03:523][  0]LogConfig: Setting CVar [[r.AmbientOcclusionMipLevelFactor:0.4]]
[2019.11.19-01.50.03:523][  0]LogConfig: Setting CVar [[r.AmbientOcclusionMaxQuality:100]]
[2019.11.19-01.50.03:523][  0]LogConfig: Setting CVar [[r.AmbientOcclusionLevels:-1]]
[2019.11.19-01.50.03:523][  0]LogConfig: Setting CVar [[r.AmbientOcclusionRadiusScale:1.0]]
[2019.11.19-01.50.03:523][  0]LogConfig: Setting CVar [[r.DepthOfFieldQuality:2]]
[2019.11.19-01.50.03:523][  0]LogConfig: Setting CVar [[r.RenderTargetPoolMin:400]]
[2019.11.19-01.50.03:523][  0]LogConfig: Setting CVar [[r.LensFlareQuality:2]]
[2019.11.19-01.50.03:523][  0]LogConfig: Setting CVar [[r.SceneColorFringeQuality:1]]
[2019.11.19-01.50.03:523][  0]LogConfig: Setting CVar [[r.EyeAdaptationQuality:2]]
[2019.11.19-01.50.03:523][  0]LogConfig: Setting CVar [[r.BloomQuality:5]]
[2019.11.19-01.50.03:523][  0]LogConfig: Setting CVar [[r.FastBlurThreshold:100]]
[2019.11.19-01.50.03:523][  0]LogConfig: Setting CVar [[r.Upscale.Quality:3]]
[2019.11.19-01.50.03:523][  0]LogConfig: Setting CVar [[r.Tonemapper.GrainQuantization:1]]
[2019.11.19-01.50.03:523][  0]LogConfig: Setting CVar [[r.LightShaftQuality:1]]
[2019.11.19-01.50.03:523][  0]LogConfig: Setting CVar [[r.Filter.SizeScale:1]]
[2019.11.19-01.50.03:523][  0]LogConfig: Setting CVar [[r.Tonemapper.Quality:5]]
[2019.11.19-01.50.03:523][  0]LogConfig: Setting CVar [[r.DOF.Gather.AccumulatorQuality:1        ; higher gathering accumulator quality]]
[2019.11.19-01.50.03:523][  0]LogConfig: Setting CVar [[r.DOF.Gather.PostfilterMethod:1          ; Median3x3 postfilering method]]
[2019.11.19-01.50.03:523][  0]LogConfig: Setting CVar [[r.DOF.Gather.EnableBokehSettings:0       ; no bokeh simulation when gathering]]
[2019.11.19-01.50.03:523][  0]LogConfig: Setting CVar [[r.DOF.Gather.RingCount:4                 ; medium number of samples when gathering]]
[2019.11.19-01.50.03:523][  0]LogConfig: Setting CVar [[r.DOF.Scatter.ForegroundCompositing:1    ; additive foreground scattering]]
[2019.11.19-01.50.03:523][  0]LogConfig: Setting CVar [[r.DOF.Scatter.BackgroundCompositing:2    ; additive background scattering]]
[2019.11.19-01.50.03:523][  0]LogConfig: Setting CVar [[r.DOF.Scatter.EnableBokehSettings:1      ; bokeh simulation when scattering]]
[2019.11.19-01.50.03:523][  0]LogConfig: Setting CVar [[r.DOF.Scatter.MaxSpriteRatio:0.1         ; only a maximum of 10% of scattered bokeh]]
[2019.11.19-01.50.03:523][  0]LogConfig: Setting CVar [[r.DOF.Recombine.Quality:1                ; cheap slight out of focus]]
[2019.11.19-01.50.03:523][  0]LogConfig: Setting CVar [[r.DOF.Recombine.EnableBokehSettings:0    ; no bokeh simulation on slight out of focus]]
[2019.11.19-01.50.03:523][  0]LogConfig: Setting CVar [[r.DOF.TemporalAAQuality:1                ; more stable temporal accumulation]]
[2019.11.19-01.50.03:523][  0]LogConfig: Setting CVar [[r.DOF.Kernel.MaxForegroundRadius:0.025]]
[2019.11.19-01.50.03:523][  0]LogConfig: Setting CVar [[r.DOF.Kernel.MaxBackgroundRadius:0.025]]
[2019.11.19-01.50.03:523][  0]LogConfig: Applying CVar settings from Section [TextureQuality@3] File [C:/Users/Tommy/Documents/Unreal Projects/crossyroad/Saved/Config/Windows/Scalability.ini]
[2019.11.19-01.50.03:523][  0]LogConfig: Setting CVar [[r.Streaming.MipBias:0]]
[2019.11.19-01.50.03:523][  0]LogConfig: Setting CVar [[r.Streaming.AmortizeCPUToGPUCopy:0]]
[2019.11.19-01.50.03:523][  0]LogConfig: Setting CVar [[r.Streaming.MaxNumTexturesToStreamPerFrame:0]]
[2019.11.19-01.50.03:523][  0]LogConfig: Setting CVar [[r.Streaming.Boost:1]]
[2019.11.19-01.50.03:523][  0]LogConfig: Setting CVar [[r.MaxAnisotropy:8]]
[2019.11.19-01.50.03:523][  0]LogConfig: Setting CVar [[r.Streaming.LimitPoolSizeToVRAM:0]]
[2019.11.19-01.50.03:523][  0]LogConfig: Setting CVar [[r.Streaming.PoolSize:1000]]
[2019.11.19-01.50.03:523][  0]LogConfig: Setting CVar [[r.Streaming.MaxEffectiveScreenSize:0]]
[2019.11.19-01.50.03:523][  0]LogConfig: Applying CVar settings from Section [EffectsQuality@3] File [C:/Users/Tommy/Documents/Unreal Projects/crossyroad/Saved/Config/Windows/Scalability.ini]
[2019.11.19-01.50.03:523][  0]LogConfig: Setting CVar [[r.TranslucencyLightingVolumeDim:64]]
[2019.11.19-01.50.03:524][  0]LogConfig: Setting CVar [[r.RefractionQuality:2]]
[2019.11.19-01.50.03:524][  0]LogConfig: Setting CVar [[r.SSR.Quality:3]]
[2019.11.19-01.50.03:524][  0]LogConfig: Setting CVar [[r.SceneColorFormat:4]]
[2019.11.19-01.50.03:524][  0]LogConfig: Setting CVar [[r.DetailMode:2]]
[2019.11.19-01.50.03:524][  0]LogConfig: Setting CVar [[r.TranslucencyVolumeBlur:1]]
[2019.11.19-01.50.03:524][  0]LogConfig: Setting CVar [[r.MaterialQualityLevel:1 ; High quality]]
[2019.11.19-01.50.03:524][  0]LogConfig: Setting CVar [[r.SSS.Scale:1]]
[2019.11.19-01.50.03:524][  0]LogConfig: Setting CVar [[r.SSS.SampleSet:2]]
[2019.11.19-01.50.03:524][  0]LogConfig: Setting CVar [[r.SSS.Quality:1]]
[2019.11.19-01.50.03:524][  0]LogConfig: Setting CVar [[r.SSS.HalfRes:1]]
[2019.11.19-01.50.03:524][  0]LogConfig: Setting CVar [[r.EmitterSpawnRateScale:1.0]]
[2019.11.19-01.50.03:524][  0]LogConfig: Setting CVar [[r.ParticleLightQuality:2]]
[2019.11.19-01.50.03:524][  0]LogConfig: Applying CVar settings from Section [FoliageQuality@3] File [C:/Users/Tommy/Documents/Unreal Projects/crossyroad/Saved/Config/Windows/Scalability.ini]
[2019.11.19-01.50.03:524][  0]LogConfig: Setting CVar [[foliage.DensityScale:1.0]]
[2019.11.19-01.50.03:524][  0]LogConfig: Setting CVar [[grass.DensityScale:1.0]]
[2019.11.19-01.50.03:524][  0]LogConfig: Applying CVar settings from Section [Startup] File [../../../Engine/Config/ConsoleVariables.ini]
[2019.11.19-01.50.03:524][  0]LogConfig: Setting CVar [[net.UseAdaptiveNetUpdateFrequency:0]]
[2019.11.19-01.50.03:524][  0]LogConfig: Setting CVar [[p.chaos.AllowCreatePhysxBodies:1]]
[2019.11.19-01.50.03:524][  0]LogConfig: Applying CVar settings from Section [ConsoleVariables] File [C:/Users/Tommy/Documents/Unreal Projects/crossyroad/Saved/Config/Windows/Engine.ini]
[2019.11.19-01.50.03:524][  0]LogInit: Computer: HAYA
[2019.11.19-01.50.03:524][  0]LogInit: User: Tommy
[2019.11.19-01.50.03:524][  0]LogInit: CPU Page size=4096, Cores=4
[2019.11.19-01.50.03:524][  0]LogInit: High frequency timer resolution =10.000000 MHz
[2019.11.19-01.50.03:524][  0]LogMemory: Memory total: Physical=7.9GB (8GB approx)
[2019.11.19-01.50.03:524][  0]LogMemory: Platform Memory Stats for Windows
[2019.11.19-01.50.03:524][  0]LogMemory: Process Physical Memory: 104.38 MB used, 104.39 MB peak
[2019.11.19-01.50.03:524][  0]LogMemory: Process Virtual Memory: 100.55 MB used, 100.55 MB peak
[2019.11.19-01.50.03:524][  0]LogMemory: Physical Memory: 5458.67 MB used,  2583.39 MB free, 8042.05 MB total
[2019.11.19-01.50.03:524][  0]LogMemory: Virtual Memory: 4668.99 MB used,  134213056.00 MB free, 134217728.00 MB total
[2019.11.19-01.50.03:527][  0]LogWindows: WindowsPlatformFeatures enabled
[2019.11.19-01.50.03:548][  0]LogInit: Using OS detected language (en-US).
[2019.11.19-01.50.03:548][  0]LogInit: Using OS detected locale (en-US).
[2019.11.19-01.50.03:549][  0]LogTextLocalizationManager: No specific localization for 'en-US' exists, so the 'en' localization will be used.
[2019.11.19-01.50.03:733][  0]LogInit: Setting process to per monitor DPI aware
[2019.11.19-01.50.03:787][  0]LogSlate: New Slate User Created.  User Index 0, Is Virtual User: 0
[2019.11.19-01.50.03:787][  0]LogSlate: Slate User Registered.  User Index 0, Is Virtual User: 0
[2019.11.19-01.50.03:959][  0]LogHMD: Failed to initialize OpenVR with code 110
[2019.11.19-01.50.03:960][  0]LogD3D11RHI: D3D11 adapters:
[2019.11.19-01.50.03:991][  0]LogD3D11RHI:    0. 'Intel(R) UHD Graphics 620' (Feature Level 11_0)
[2019.11.19-01.50.03:991][  0]LogD3D11RHI:       128/0/4021 MB DedicatedVideo/DedicatedSystem/SharedSystem, Outputs:1, VendorId:0x8086
[2019.11.19-01.50.03:993][  0]LogD3D11RHI:    1. 'Microsoft Basic Render Driver' (Feature Level 11_0)
[2019.11.19-01.50.03:993][  0]LogD3D11RHI:       0/0/4021 MB DedicatedVideo/DedicatedSystem/SharedSystem, Outputs:0, VendorId:0x1414
[2019.11.19-01.50.03:993][  0]LogD3D11RHI: Chosen D3D11 Adapter: 0
[2019.11.19-01.50.03:999][  0]LogD3D11RHI: Creating new Direct3DDevice
[2019.11.19-01.50.04:000][  0]LogD3D11RHI:     GPU DeviceId: 0x5917 (for the marketing name, search the web for "GPU Device Id")
[2019.11.19-01.50.04:000][  0]LogWindows: EnumDisplayDevices:
[2019.11.19-01.50.04:000][  0]LogWindows:    0. 'Intel(R) UHD Graphics 620' (P:1 D:1)
[2019.11.19-01.50.04:000][  0]LogWindows:    1. 'Intel(R) UHD Graphics 620' (P:0 D:0)
[2019.11.19-01.50.04:000][  0]LogWindows:    2. 'Intel(R) UHD Graphics 620' (P:0 D:0)
[2019.11.19-01.50.04:001][  0]LogWindows: DebugString: FoundDriverCount:3 
[2019.11.19-01.50.04:001][  0]LogD3D11RHI:     Adapter Name: Intel(R) UHD Graphics 620
[2019.11.19-01.50.04:001][  0]LogD3D11RHI:   Driver Version: 25.20.100.6374 (internal:25.20.100.6374, unified:25.20.100.6374)
[2019.11.19-01.50.04:001][  0]LogD3D11RHI:      Driver Date: 11-18-2018
[2019.11.19-01.50.04:001][  0]LogRHI: Texture pool is 1496 MB (70% of 2138 MB)
[2019.11.19-01.50.04:068][  0]LogD3D11RHI: [IntelMetricsDiscovery] Started
[2019.11.19-01.50.04:068][  0]LogD3D11RHI: Async texture creation enabled
[2019.11.19-01.50.04:085][  0]LogD3D11RHI: GPU Timing Frequency: 12.000048 (Debug: 2 0)
[2019.11.19-01.50.04:434][  0]LogTemp: Display: Module 'AllDesktopTargetPlatform' loaded TargetPlatform 'AllDesktop'
[2019.11.19-01.50.04:443][  0]LogTemp: Display: Module 'MacClientTargetPlatform' loaded TargetPlatform 'MacClient'
[2019.11.19-01.50.04:454][  0]LogTemp: Display: Module 'MacNoEditorTargetPlatform' loaded TargetPlatform 'MacNoEditor'
[2019.11.19-01.50.04:463][  0]LogTemp: Display: Module 'MacServerTargetPlatform' loaded TargetPlatform 'MacServer'
[2019.11.19-01.50.04:476][  0]LogTemp: Display: Module 'MacTargetPlatform' loaded TargetPlatform 'Mac'
[2019.11.19-01.50.04:486][  0]LogTemp: Display: Module 'WindowsClientTargetPlatform' loaded TargetPlatform 'WindowsClient'
[2019.11.19-01.50.04:496][  0]LogTemp: Display: Module 'WindowsNoEditorTargetPlatform' loaded TargetPlatform 'WindowsNoEditor'
[2019.11.19-01.50.04:506][  0]LogTemp: Display: Module 'WindowsServerTargetPlatform' loaded TargetPlatform 'WindowsServer'
[2019.11.19-01.50.04:511][  0]LogTemp: Display: Module 'WindowsTargetPlatform' loaded TargetPlatform 'Windows'
[2019.11.19-01.50.04:549][  0]LogTemp: Display: Module 'AndroidTargetPlatform' loaded TargetPlatform 'Android'
[2019.11.19-01.50.04:549][  0]LogTemp: Display: Module 'AndroidTargetPlatform' loaded TargetPlatform 'Android_ASTC'
[2019.11.19-01.50.04:549][  0]LogTemp: Display: Module 'AndroidTargetPlatform' loaded TargetPlatform 'Android_ATC'
[2019.11.19-01.50.04:549][  0]LogTemp: Display: Module 'AndroidTargetPlatform' loaded TargetPlatform 'Android_DXT'
[2019.11.19-01.50.04:549][  0]LogTemp: Display: Module 'AndroidTargetPlatform' loaded TargetPlatform 'Android_ETC1'
[2019.11.19-01.50.04:549][  0]LogTemp: Display: Module 'AndroidTargetPlatform' loaded TargetPlatform 'Android_ETC1a'
[2019.11.19-01.50.04:549][  0]LogTemp: Display: Module 'AndroidTargetPlatform' loaded TargetPlatform 'Android_ETC2'
[2019.11.19-01.50.04:549][  0]LogTemp: Display: Module 'AndroidTargetPlatform' loaded TargetPlatform 'Android_PVRTC'
[2019.11.19-01.50.04:549][  0]LogTemp: Display: Module 'AndroidTargetPlatform' loaded TargetPlatform 'AndroidClient'
[2019.11.19-01.50.04:549][  0]LogTemp: Display: Module 'AndroidTargetPlatform' loaded TargetPlatform 'Android_ASTCClient'
[2019.11.19-01.50.04:549][  0]LogTemp: Display: Module 'AndroidTargetPlatform' loaded TargetPlatform 'Android_ATCClient'
[2019.11.19-01.50.04:549][  0]LogTemp: Display: Module 'AndroidTargetPlatform' loaded TargetPlatform 'Android_DXTClient'
[2019.11.19-01.50.04:549][  0]LogTemp: Display: Module 'AndroidTargetPlatform' loaded TargetPlatform 'Android_ETC1Client'
[2019.11.19-01.50.04:549][  0]LogTemp: Display: Module 'AndroidTargetPlatform' loaded TargetPlatform 'Android_ETC1aClient'
[2019.11.19-01.50.04:549][  0]LogTemp: Display: Module 'AndroidTargetPlatform' loaded TargetPlatform 'Android_ETC2Client'
[2019.11.19-01.50.04:549][  0]LogTemp: Display: Module 'AndroidTargetPlatform' loaded TargetPlatform 'Android_PVRTCClient'
[2019.11.19-01.50.04:549][  0]LogTemp: Display: Module 'AndroidTargetPlatform' loaded TargetPlatform 'Android_Multi'
[2019.11.19-01.50.04:549][  0]LogTemp: Display: Module 'AndroidTargetPlatform' loaded TargetPlatform 'Android_MultiClient'
[2019.11.19-01.50.04:551][  0]LogTemp: Display: Module 'HTML5TargetPlatform' loaded TargetPlatform 'HTML5'
[2019.11.19-01.50.04:573][  0]LogTemp: Display: Module 'IOSTargetPlatform' loaded TargetPlatform 'IOSClient'
[2019.11.19-01.50.04:573][  0]LogTemp: Display: Module 'IOSTargetPlatform' loaded TargetPlatform 'IOS'
[2019.11.19-01.50.04:588][  0]LogTemp: Display: Module 'TVOSTargetPlatform' loaded TargetPlatform 'TVOSClient'
[2019.11.19-01.50.04:589][  0]LogTemp: Display: Module 'TVOSTargetPlatform' loaded TargetPlatform 'TVOS'
[2019.11.19-01.50.04:596][  0]LogTemp: Display: Module 'LinuxClientTargetPlatform' loaded TargetPlatform 'LinuxClient'
[2019.11.19-01.50.04:603][  0]LogTemp: Display: Module 'LinuxNoEditorTargetPlatform' loaded TargetPlatform 'LinuxNoEditor'
[2019.11.19-01.50.04:610][  0]LogTemp: Display: Module 'LinuxServerTargetPlatform' loaded TargetPlatform 'LinuxServer'
[2019.11.19-01.50.04:622][  0]LogTemp: Display: Module 'LinuxTargetPlatform' loaded TargetPlatform 'Linux'
[2019.11.19-01.50.04:646][  0]LogTemp: Display: Module 'LuminTargetPlatform' loaded TargetPlatform 'Lumin'
[2019.11.19-01.50.04:646][  0]LogTemp: Display: Module 'LuminTargetPlatform' loaded TargetPlatform 'LuminClient'
[2019.11.19-01.50.04:646][  0]LogTargetPlatformManager: Display: Building Assets For Windows
[2019.11.19-01.50.04:655][  0]LogAudioDebug: Display: Lib vorbis DLL was dynamically loaded.
[2019.11.19-01.50.04:715][  0]LogShaderCompilers: Guid format shader working directory is -21 characters bigger than the processId version (../../../../../../Users/Tommy/Documents/Unreal Projects/crossyroad/Intermediate/Shaders/WorkingDirectory/10356/).
[2019.11.19-01.50.04:715][  0]LogShaderCompilers: Cleaned the shader compiler working directory 'C:/Users/Tommy/AppData/Local/Temp/UnrealShaderWorkingDir/E55EFFE644B48D55F2091E93CBFC46D6/'.
[2019.11.19-01.50.04:717][  0]LogXGEController: Cannot use XGE Controller as Incredibuild is not installed on this machine.
[2019.11.19-01.50.04:717][  0]LogShaderCompilers: Cannot use XGE Shader Compiler as Incredibuild is not installed on this machine.
[2019.11.19-01.50.04:717][  0]LogShaderCompilers: Display: Using Local Shader Compiler.
[2019.11.19-01.50.05:369][  0]LogDerivedDataCache: Display: Max Cache Size: 512 MB
[2019.11.19-01.50.05:426][  0]LogDerivedDataCache: Loaded boot cache 0.06s 73MB C:/Users/Tommy/AppData/Local/UnrealEngine/4.23/DerivedDataCache/Boot.ddc.
[2019.11.19-01.50.05:426][  0]LogDerivedDataCache: Display: Loaded Boot cache: C:/Users/Tommy/AppData/Local/UnrealEngine/4.23/DerivedDataCache/Boot.ddc
[2019.11.19-01.50.05:427][  0]LogDerivedDataCache: FDerivedDataBackendGraph:  Pak pak cache file ../../../../../../Users/Tommy/Documents/Unreal Projects/crossyroad/DerivedDataCache/DDC.ddp not found, will not use a pak cache.
[2019.11.19-01.50.05:427][  0]LogDerivedDataCache: Unable to find inner node Pak for hierarchical cache Hierarchy.
[2019.11.19-01.50.05:427][  0]LogDerivedDataCache: FDerivedDataBackendGraph:  CompressedPak pak cache file ../../../../../../Users/Tommy/Documents/Unreal Projects/crossyroad/DerivedDataCache/Compressed.ddp not found, will not use a pak cache.
[2019.11.19-01.50.05:427][  0]LogDerivedDataCache: Unable to find inner node CompressedPak for hierarchical cache Hierarchy.
[2019.11.19-01.50.05:439][  0]LogDerivedDataCache: Display: Pak cache opened for reading ../../../Engine/DerivedDataCache/Compressed.ddp.
[2019.11.19-01.50.05:439][  0]LogDerivedDataCache: FDerivedDataBackendGraph:  EnterprisePak pak cache file ../../../Enterprise/DerivedDataCache/Compressed.ddp not found, will not use a pak cache.
[2019.11.19-01.50.05:439][  0]LogDerivedDataCache: Unable to find inner node EnterprisePak for hierarchical cache Hierarchy.
[2019.11.19-01.50.05:440][  0]LogDerivedDataCache: Using Local data cache path C:/Users/Tommy/AppData/Local/UnrealEngine/Common/DerivedDataCache: Writable
[2019.11.19-01.50.05:440][  0]LogDerivedDataCache: Shared data cache path not found in *engine.ini, will not use an Shared cache.
[2019.11.19-01.50.05:440][  0]LogDerivedDataCache: Unable to find inner node Shared for hierarchical cache Hierarchy.
[2019.11.19-01.50.05:464][  0]LogMaterial: Verifying Global Shaders for PCD3D_SM5
[2019.11.19-01.50.05:467][  0]LogSlate: Using FreeType 2.6.0
[2019.11.19-01.50.05:467][  0]LogSlate: SlateFontServices - WITH_FREETYPE: 1, WITH_HARFBUZZ: 1
[2019.11.19-01.50.05:522][  0]LogAssetRegistry: FAssetRegistry took 0.0023 seconds to start up
[2019.11.19-01.50.05:797][  0]LogInit: Selected Device Profile: [Windows]
[2019.11.19-01.50.05:950][  0]LogMeshReduction: Using QuadricMeshReduction for automatic static mesh reduction
[2019.11.19-01.50.05:950][  0]LogMeshReduction: Using SimplygonMeshReduction for automatic skeletal mesh reduction
[2019.11.19-01.50.05:950][  0]LogMeshReduction: Using ProxyLODMeshReduction for automatic mesh merging
[2019.11.19-01.50.05:950][  0]LogMeshReduction: No distributed automatic mesh merging module available
[2019.11.19-01.50.05:950][  0]LogMeshMerging: No distributed automatic mesh merging module available
[2019.11.19-01.50.05:961][  0]LogNetVersion: crossyroad 1.0.0, NetCL: 8386587, EngineNetVer: 11, GameNetVer: 0 (Checksum: 3055071226)
[2019.11.19-01.50.06:486][  0]LogPackageLocalizationCache: Processed 12 localized package path(s) for 1 prioritized culture(s) in 0.057339 seconds
[2019.11.19-01.50.06:493][  0]LogUObjectArray: 43444 objects as part of root set at end of initial load.
[2019.11.19-01.50.06:493][  0]LogUObjectAllocator: 7548648 out of 0 bytes used by permanent object pool.
[2019.11.19-01.50.06:493][  0]LogUObjectArray: CloseDisregardForGC: 0/0 objects in disregard for GC pool
[2019.11.19-01.50.07:353][  0]LogTcpMessaging: Initializing TcpMessaging bridge
[2019.11.19-01.50.07:355][  0]LogUdpMessaging: Initializing bridge on interface 0.0.0.0:0 to multicast group 230.0.0.1:6666.
[2019.11.19-01.50.07:408][  0]SourceControl: Source control is disabled
[2019.11.19-01.50.07:408][  0]SourceControl: Source control is disabled
[2019.11.19-01.50.07:409][  0]SourceControl: Source control is disabled
[2019.11.19-01.50.07:410][  0]SourceControl: Source control is disabled
[2019.11.19-01.50.07:502][  0]LogAndroidPermission: UAndroidPermissionCallbackProxy::GetInstance
[2019.11.19-01.50.07:600][  0]LogOcInput: OculusInput pre-init called
[2019.11.19-01.50.07:606][  0]LogWindows: Failed to load 'OVRPlugin.dll' (GetLastError=126)
[2019.11.19-01.50.07:606][  0]LogWindows: File 'OVRPlugin.dll' does not exist
[2019.11.19-01.50.07:676][  0]LogEngine: Initializing Engine...
[2019.11.19-01.50.07:677][  0]LogHMD: Failed to initialize OpenVR with code 110
[2019.11.19-01.50.07:678][  0]LogStats: UGameplayTagsManager::InitializeManager -  0.000 s
[2019.11.19-01.50.07:917][  0]LogInit: Initializing FReadOnlyCVARCache
[2019.11.19-01.50.07:937][  0]LogAIModule: Creating AISystem for world Untitled
[2019.11.19-01.50.08:132][  0]LogInit: XAudio2 using 'Speaker/HP (2- Realtek(R) Audio)' : 2 channels at 48 kHz using 32 bits per sample (channel mask 0x3)
[2019.11.19-01.50.08:151][  0]LogInit: FAudioDevice initialized.
[2019.11.19-01.50.08:151][  0]LogNetVersion: Set ProjectVersion to 1.0.0.0. Version Checksum will be recalculated on next use.
[2019.11.19-01.50.08:212][  0]LogDerivedDataCache: Saved boot cache 0.06s 73MB C:/Users/Tommy/AppData/Local/UnrealEngine/4.23/DerivedDataCache/Boot.ddc.
[2019.11.19-01.50.08:221][  0]LogInit: Texture streaming: Enabled
[2019.11.19-01.50.08:241][  0]LogEngineSessionManager: EngineSessionManager initialized
[2019.11.19-01.50.08:241][  0]LogEditorSessionSummary: Verbose: Initializing EditorSessionSummaryWriter for editor session tracking
[2019.11.19-01.50.08:242][  0]LogEditorSessionSummary: EditorSessionSummaryWriter initialized
[2019.11.19-01.50.08:319][  0]LogInit: Transaction tracking system initialized
[2019.11.19-01.50.08:358][  0]BlueprintLog: New page: Editor Load
[2019.11.19-01.50.08:452][  0]LocalizationService: Localization service is disabled
[2019.11.19-01.50.08:710][  0]LogFileCache: Scanning file cache for directory 'C:/Users/Tommy/Documents/Unreal Projects/crossyroad/Content/' took 0.01s
[2019.11.19-01.50.08:710][  0]LogCook: Display: Max memory allowance for cook 16384mb min free memory 0mb
[2019.11.19-01.50.08:710][  0]LogCook: Display: Mobile HDR setting 1
[2019.11.19-01.50.08:906][  0]SourceControl: Source control is disabled
[2019.11.19-01.50.08:906][  0]Cmd: MAP LOAD FILE="../../../../../../Users/Tommy/Documents/Unreal Projects/crossyroad/Content/StarterContent/Maps/Minimal_Default.umap" TEMPLATE=0 SHOWPROGRESS=1 FEATURELEVEL=3
[2019.11.19-01.50.08:912][  0]LightingResults: New page: Lighting Build
[2019.11.19-01.50.08:915][  0]LogWorld: UWorld::CleanupWorld for Untitled, bSessionEnded=true, bCleanupResources=true
[2019.11.19-01.50.08:915][  0]MapCheck: New page: Map Check
[2019.11.19-01.50.08:915][  0]LightingResults: New page: Lighting Build
[2019.11.19-01.50.08:940][  0]LogUObjectHash: Compacting FUObjectHashTables data took   1.58ms
[2019.11.19-01.50.09:368][  0]LogAIModule: Creating AISystem for world Minimal_Default
[2019.11.19-01.50.09:385][  0]LogEditorServer: Finished looking for orphan Actors (0.000 secs)
[2019.11.19-01.50.09:411][  0]LogUObjectHash: Compacting FUObjectHashTables data took   1.92ms
[2019.11.19-01.50.09:411][  0]Cmd: MAP CHECKDEP NOCLEARLOG
[2019.11.19-01.50.09:411][  0]MapCheck: Map check complete: 0 Error(s), 0 Warning(s), took 0.139ms to complete.
[2019.11.19-01.50.09:411][  0]LogFileHelpers: Loading map 'Minimal_Default' took 0.506
[2019.11.19-01.50.09:610][  0]LogSlate: Updating window title bar state: overlay mode, drag disabled, window buttons hidden, title bar hidden
[2019.11.19-01.50.09:620][  0]LogSlate: Updating window title bar state: overlay mode, drag disabled, window buttons hidden, title bar hidden
[2019.11.19-01.50.09:627][  0]LogSlate: Updating window title bar state: overlay mode, drag disabled, window buttons hidden, title bar hidden
[2019.11.19-01.50.09:636][  0]LogSlate: Updating window title bar state: overlay mode, drag disabled, window buttons hidden, title bar hidden
[2019.11.19-01.50.09:656][  0]LogCollectionManager: Loaded 0 collections in 0.001973 seconds
[2019.11.19-01.50.09:682][  0]LogFileCache: Scanning file cache for directory 'C:/Users/Tommy/Documents/Unreal Projects/crossyroad/Saved/Collections/' took 0.00s
[2019.11.19-01.50.09:682][  0]LogFileCache: Scanning file cache for directory 'C:/Users/Tommy/Documents/Unreal Projects/crossyroad/Content/Developers/Tommy/Collections/' took 0.00s
[2019.11.19-01.50.09:682][  0]LogFileCache: Scanning file cache for directory 'C:/Users/Tommy/Documents/Unreal Projects/crossyroad/Content/Collections/' took 0.00s
[2019.11.19-01.50.09:682][  0]LogCollectionManager: Rebuilt the GUID cache for 0 collections in 0.000003 seconds
[2019.11.19-01.50.09:693][  0]LogContentBrowser: Native class hierarchy populated in 0.0091 seconds. Added 2863 classes and 680 folders.
[2019.11.19-01.50.09:713][  0]LogContentBrowser: Native class hierarchy updated for 'WidgetCarousel' in 0.0004 seconds. Added 0 classes and 0 folders.
[2019.11.19-01.50.10:057][  0]LogContentBrowser: Native class hierarchy updated for 'AddContentDialog' in 0.0002 seconds. Added 0 classes and 0 folders.
[2019.11.19-01.50.10:073][  0]LogContentBrowser: Native class hierarchy updated for 'SceneOutliner' in 0.0002 seconds. Added 1 classes and 2 folders.
[2019.11.19-01.50.10:256][  0]LogSlate: Took 0.000208 seconds to synchronously load lazily loaded font '../../../Engine/Content/Slate/Fonts/Roboto-Regular.ttf' (155K)
[2019.11.19-01.50.10:259][  0]LogSlate: Took 0.000172 seconds to synchronously load lazily loaded font '../../../Engine/Content/Slate/Fonts/Roboto-Bold.ttf' (160K)
[2019.11.19-01.50.10:274][  0]LogSlate: Took 0.008363 seconds to synchronously load lazily loaded font '../../../Engine/Content/Editor/Slate/Fonts/FontAwesome.ttf' (139K)
[2019.11.19-01.50.10:461][  0]LogRenderer: Reallocating scene render targets to support 696x436 Format 10 NumSamples 1 (Frame:1).
[2019.11.19-01.50.10:903][  0]LogContentBrowser: Native class hierarchy updated for 'HierarchicalLODOutliner' in 0.0002 seconds. Added 0 classes and 0 folders.
[2019.11.19-01.50.10:904][  0]LogLoad: (Engine Initialization) Total time: 8.50 seconds
[2019.11.19-01.50.10:904][  0]LogLoad: (Engine Initialization) Total Blueprint compile time: 0.00 seconds
[2019.11.19-01.50.10:969][  0]LogContentStreaming: Texture pool size now 1000 MB
[2019.11.19-01.50.10:994][  0]LogSlate: Took 0.006137 seconds to synchronously load lazily loaded font '../../../Engine/Content/Slate/Fonts/Roboto-Light.ttf' (167K)
[2019.11.19-01.50.11:431][  2]LogAssetRegistry: Asset discovery search completed in 5.9090 seconds
[2019.11.19-01.50.11:435][  2]LogCollectionManager: Rebuilt the object cache for 0 collections in 0.000004 seconds (found 0 objects)
[2019.11.19-01.50.11:435][  2]LogCollectionManager: Fixed up redirectors for 0 collections in 0.000051 seconds (updated 0 objects)
[2019.11.19-01.50.11:969][ 17]LogSlate: Took 0.000160 seconds to synchronously load lazily loaded font '../../../Engine/Content/Slate/Fonts/Roboto-Light.ttf' (167K)
[2019.11.19-01.51.13:157][556]LogEditorViewport: Clicking on Actor (LMB): StaticMeshActor (Table)
[2019.11.19-01.51.16:429][633]LogSlate: FSceneViewport::OnFocusLost() reason 0
[2019.11.19-01.51.16:730][640]LogAssetEditorManager: Opening Asset editor for Blueprint /Game/Game_test.Game_test
[2019.11.19-01.51.17:124][640]LogContentBrowser: Native class hierarchy updated for 'BlueprintGraph' in 0.0006 seconds. Added 121 classes and 0 folders.
[2019.11.19-01.51.19:830][689]LogSlate: Window 'Game_test' being destroyed
[2019.11.19-01.51.19:868][689]LogSlate: Window 'Game_test' being destroyed
[2019.11.19-01.51.19:871][689]LogWorld: UWorld::CleanupWorld for World_2, bSessionEnded=true, bCleanupResources=true
[2019.11.19-01.51.23:879][753]LogAIModule: Creating AISystem for world NewMap
[2019.11.19-01.51.23:885][753]LogAssetEditorManager: Opening Asset editor for World /Game/NewMap.NewMap
[2019.11.19-01.51.23:920][753]LogUObjectHash: Compacting FUObjectHashTables data took   3.46ms
[2019.11.19-01.51.23:922][753]Cmd: MAP LOAD FILE="../../../../../../Users/Tommy/Documents/Unreal Projects/crossyroad/Content/NewMap.umap" TEMPLATE=0 SHOWPROGRESS=1 FEATURELEVEL=3
[2019.11.19-01.51.23:922][753]LightingResults: New page: Lighting Build
[2019.11.19-01.51.23:922][753]LoadErrors: New page: Loading map: NewMap.umap
[2019.11.19-01.51.23:926][753]LogWorld: UWorld::CleanupWorld for Minimal_Default, bSessionEnded=true, bCleanupResources=true
[2019.11.19-01.51.23:927][753]MapCheck: New page: Map Check
[2019.11.19-01.51.23:927][753]LightingResults: New page: Lighting Build
[2019.11.19-01.51.23:959][753]LogUObjectHash: Compacting FUObjectHashTables data took   2.65ms
[2019.11.19-01.51.24:029][753]LogEditorServer: Finished looking for orphan Actors (0.000 secs)
[2019.11.19-01.51.24:061][753]LogUObjectHash: Compacting FUObjectHashTables data took   2.37ms
[2019.11.19-01.51.24:086][753]Cmd: MAP CHECKDEP NOCLEARLOG
[2019.11.19-01.51.24:088][753]MapCheck: Map check complete: 0 Error(s), 0 Warning(s), took 1.545ms to complete.
[2019.11.19-01.51.24:088][753]LogFileHelpers: Loading map 'NewMap' took 0.168
[2019.11.19-01.51.29:679][866]LogActorFactory: Actor Factory created car1
[2019.11.19-01.51.33:010][962]LogActorFactory: Actor Factory created car1
[2019.11.19-01.51.35:504][ 32]LogSlate: FSceneViewport::OnFocusLost() reason 0
[2019.11.19-01.51.43:606][260]LogSlate: FSceneViewport::OnFocusLost() reason 0
[2019.11.19-01.52.36:977][740]LogEditorViewport: Clicking on Actor (LMB): StaticMeshActor (Floor)
[2019.11.19-01.52.37:663][757]LogEditorViewport: Clicking on Actor (context menu): StaticMeshActor (Floor)
[2019.11.19-01.52.37:751][757]LogSlate: FSceneViewport::OnFocusLost() reason 5
[2019.11.19-01.52.39:937][865]LogEditorViewport: Clicking on Actor (LMB): StaticMeshActor (Floor)
[2019.11.19-01.52.40:253][874]LogEditorViewport: Clicking on Actor (LMB): StaticMeshActor (Floor)
[2019.11.19-01.52.40:660][885]LogEditorViewport: Clicking on Actor (LMB): StaticMeshActor (car1)
[2019.11.19-01.52.41:110][896]LogEditorViewport: Clicking on Actor (LMB): StaticMeshActor (Floor)
[2019.11.19-01.52.42:146][924]LogEditorViewport: Clicking on Actor (LMB): StaticMeshActor (car1)
[2019.11.19-01.52.42:475][932]LogEditorViewport: Clicking on Actor (context menu): StaticMeshActor (car1)
[2019.11.19-01.52.42:560][932]LogSlate: FSceneViewport::OnFocusLost() reason 5
[2019.11.19-01.52.47:462][203]LogEditorViewport: Clicking on Actor (LMB): StaticMeshActor (Floor)
[2019.11.19-01.52.49:242][253]LogEditorViewport: Clicking on Actor (LMB): StaticMeshActor (Floor)
[2019.11.19-01.52.49:558][260]LogEditorViewport: Clicking on Actor (double click): StaticMeshActor (car1)
[2019.11.19-01.52.53:070][362]LogEditorViewport: Clicking on Actor (LMB): StaticMeshActor (car1)
[2019.11.19-01.52.53:558][376]LogEditorViewport: Clicking on Actor (context menu): StaticMeshActor (car1)
[2019.11.19-01.52.53:641][376]LogSlate: FSceneViewport::OnFocusLost() reason 5
[2019.11.19-01.53.01:605][828]LogEditorViewport: Clicking on Actor (LMB): StaticMeshActor (Floor)
[2019.11.19-01.53.01:973][837]LogEditorViewport: Clicking on Actor (LMB): StaticMeshActor (car1)
[2019.11.19-01.53.03:364][877]Cmd: DELETE
[2019.11.19-01.53.03:365][877]Cmd: ACTOR DELETE
[2019.11.19-01.53.03:382][877]LogEditorActor: Deleted Actor: StaticMeshActor
[2019.11.19-01.53.03:418][877]LogUObjectHash: Compacting FUObjectHashTables data took   1.89ms
[2019.11.19-01.53.03:418][877]LogEditorActor: Deleted 1 Actors (0.047 secs)
[2019.11.19-01.53.09:097][ 45]LogSlate: FSceneViewport::OnFocusLost() reason 2
[2019.11.19-01.53.10:083][101]LogTemp: Repeating last play command: Selected Viewport
[2019.11.19-01.53.10:104][101]LogBlueprintUserMessages: Early PlayInEditor Detection: Level '/Game/NewMap.NewMap:PersistentLevel' has LevelScriptBlueprint '/Game/NewMap.NewMap:PersistentLevel.NewMap' with GeneratedClass '/Game/NewMap.NewMap_C' with ClassGeneratedBy '/Game/NewMap.NewMap:PersistentLevel.NewMap'
[2019.11.19-01.53.10:105][101]LogPlayLevel: PlayLevel: No blueprints needed recompiling
[2019.11.19-01.53.10:108][101]PIE: New page: PIE session: NewMap (Nov 18, 2019, 9:53:10 AM)
[2019.11.19-01.53.10:109][101]LogOnline: OSS: Creating online subsystem instance for: NULL
[2019.11.19-01.53.10:112][101]LogPlayLevel: Creating play world package: /Game/UEDPIE_0_NewMap
[2019.11.19-01.53.10:116][101]LogPlayLevel: PIE: StaticDuplicateObject took: (0.003868s)
[2019.11.19-01.53.10:116][101]LogAIModule: Creating AISystem for world NewMap
[2019.11.19-01.53.10:117][101]LogPlayLevel: PIE: World Init took: (0.001901s)
[2019.11.19-01.53.10:117][101]LogPlayLevel: PIE: Created PIE world by copying editor world from /Game/NewMap.NewMap to /Game/UEDPIE_0_NewMap.NewMap (0.006017s)
[2019.11.19-01.53.10:146][101]LogUObjectHash: Compacting FUObjectHashTables data took   2.46ms
[2019.11.19-01.53.10:152][101]LogInit: XAudio2 using 'Speaker/HP (2- Realtek(R) Audio)' : 2 channels at 48 kHz using 32 bits per sample (channel mask 0x3)
[2019.11.19-01.53.10:167][101]LogInit: FAudioDevice initialized.
[2019.11.19-01.53.10:169][101]LogSlate: FSceneViewport::OnFocusLost() reason 2
[2019.11.19-01.53.10:183][101]LogLoad: Game class is 'Game_test_C'
[2019.11.19-01.53.10:193][101]LogWorld: Bringing World /Game/UEDPIE_0_NewMap.NewMap up for play (max tick rate 0) at 2019.11.18-17.53.10
[2019.11.19-01.53.10:196][101]LogWorld: Bringing up level for play took: 0.003187
[2019.11.19-01.53.10:197][101]LogOnline: OSS: Creating online subsystem instance for: :Context_6
[2019.11.19-01.53.10:225][101]LogContentBrowser: Native class hierarchy updated for 'MovieSceneCapture' in 0.0004 seconds. Added 20 classes and 0 folders.
[2019.11.19-01.53.10:231][101]PIE: Play in editor start time for /Game/UEDPIE_0_NewMap 0.22
[2019.11.19-01.53.10:231][101]LogBlueprintUserMessages: Late PlayInEditor Detection: Level '/Game/NewMap.NewMap:PersistentLevel' has LevelScriptBlueprint '/Game/NewMap.NewMap:PersistentLevel.NewMap' with GeneratedClass '/Game/NewMap.NewMap_C' with ClassGeneratedBy '/Game/NewMap.NewMap:PersistentLevel.NewMap'
[2019.11.19-01.53.26:607][672]LogBlueprintUserMessages: Early EndPlayMap Detection: Level '/Game/NewMap.NewMap:PersistentLevel' has LevelScriptBlueprint '/Game/NewMap.NewMap:PersistentLevel.NewMap' with GeneratedClass '/Game/NewMap.NewMap_C' with ClassGeneratedBy '/Game/NewMap.NewMap:PersistentLevel.NewMap'
[2019.11.19-01.53.26:608][672]LogSlate: Updating window title bar state: overlay mode, drag disabled, window buttons hidden, title bar hidden
[2019.11.19-01.53.26:608][672]LogWorld: BeginTearingDown for /Game/UEDPIE_0_NewMap
[2019.11.19-01.53.26:609][672]LogWorld: UWorld::CleanupWorld for NewMap, bSessionEnded=true, bCleanupResources=true
[2019.11.19-01.53.26:704][672]LogPlayLevel: Display: Shutting down PIE online subsystems
[2019.11.19-01.53.26:704][672]LogBlueprintUserMessages: Late EndPlayMap Detection: Level '/Game/NewMap.NewMap:PersistentLevel' has LevelScriptBlueprint '/Game/NewMap.NewMap:PersistentLevel.NewMap' with GeneratedClass '/Game/NewMap.NewMap_C' with ClassGeneratedBy '/Game/NewMap.NewMap:PersistentLevel.NewMap'
[2019.11.19-01.53.26:743][672]LogSlate: Updating window title bar state: overlay mode, drag disabled, window buttons hidden, title bar hidden
[2019.11.19-01.53.26:787][672]LogUObjectHash: Compacting FUObjectHashTables data took   3.56ms
[2019.11.19-01.53.26:806][673]LogPlayLevel: Display: Destroying online subsystem :Context_6
[2019.11.19-01.53.56:758][787]LogSlate: FSceneViewport::OnFocusLost() reason 5
[2019.11.19-01.54.03:080][970]LogSlate: FSceneViewport::OnFocusLost() reason 5
[2019.11.19-01.54.03:470][981]LogSlate: FSceneViewport::OnFocusLost() reason 5
[2019.11.19-01.54.04:502][  9]LogSlate: FSceneViewport::OnFocusLost() reason 5
[2019.11.19-01.54.07:723][ 95]LogSlate: FSceneViewport::OnFocusLost() reason 5
[2019.11.19-01.54.08:056][103]LogSlate: FSceneViewport::OnFocusLost() reason 5
[2019.11.19-01.59.43:254][200]LogSlate: FSceneViewport::OnFocusLost() reason 5
[2019.11.19-01.59.44:462][230]LogSlate: FSceneViewport::OnFocusLost() reason 5
[2019.11.19-01.59.54:425][528]LogUObjectHash: Compacting FUObjectHashTables data took   2.75ms
[2019.11.19-01.59.54:440][528]LogSlate: FSceneViewport::OnFocusLost() reason 5
[2019.11.19-01.59.54:454][528]Cmd: OBJ SAVEPACKAGE PACKAGE="/Game/NewMap" FILE="../../../../../../Users/Tommy/Documents/Unreal Projects/crossyroad/Content/NewMap.umap" SILENT=true AUTOSAVING=false KEEPDIRTY=false
[2019.11.19-01.59.54:489][528]LogUObjectHash: Compacting FUObjectHashTables data took   0.84ms
[2019.11.19-01.59.54:691][528]LogSavePackage: Moving '../../../../../../Users/Tommy/Documents/Unreal Projects/crossyroad/Saved/NewMapC28A4CFF4537F7C039B4E8A9ACD8E4F7.tmp' to '../../../../../../Users/Tommy/Documents/Unreal Projects/crossyroad/Content/NewMap.umap'
[2019.11.19-01.59.54:725][528]LogFileHelpers: Saving map 'NewMap' took 0.274
[2019.11.19-01.59.55:530][550]LogSlate: FSceneViewport::OnFocusLost() reason 5
[2019.11.19-01.59.57:328][600]LogSlate: FSceneViewport::OnFocusLost() reason 5
[2019.11.19-02.00.01:420][600]LogSlate: Window 'Save Level As' being destroyed
[2019.11.19-02.00.02:500][632]LogSlate: FSceneViewport::OnFocusLost() reason 0
[2019.11.19-02.00.12:007][663]LogEditorSessionSummary: EditorSessionSummary sent report. Type=Shutdown, SessionId={B9C13394-4C87-241C-4D1F-B1A68441320A}
[2019.11.19-02.00.20:041][687]LogSlate: FSceneViewport::OnFocusLost() reason 5
[2019.11.19-02.00.21:946][738]LogSlate: FSceneViewport::OnFocusLost() reason 5
[2019.11.19-02.00.29:062][950]LogSlate: FSceneViewport::OnFocusLost() reason 5
[2019.11.19-02.00.38:281][950]LogSlate: Window 'Save Level As' being destroyed
[2019.11.19-02.01.59:566][307]LogSlate: FSceneViewport::OnFocusLost() reason 0
